<?xml version="1.0" encoding="UTF-8"?>
<!-- Generated by org.testng.reporters.JUnitReportReporter -->
<testsuite skipped="0" hostname="DESKTOP-P1C1J0G" name="movieValidation.MovieValidation" tests="1" failures="0" timestamp="2022-11-23T19:09:53 IST" time="32.248" errors="0">
  <testcase name="movieValidation" time="32.248" classname="movieValidation.MovieValidation"/>
  <system-out/>
</testsuite> <!-- movieValidation.MovieValidation -->
